<?xml version="1.0" encoding="UTF-8"?>
<!-- Generated by org.testng.reporters.JUnitReportReporter -->
<testsuite hostname="Beast" failures="0" tests="1" name="tests.LaunchBrowser" time="71.034" errors="0" timestamp="2021-12-13T15:38:01 IST" skipped="0">
  <testcase classname="tests.LaunchBrowser" name="launchFirefoxDriver" time="71.034"/>
  <system-out/>
</testsuite> <!-- tests.LaunchBrowser -->
