<?xml version="1.0" encoding="UTF-8"?>
<!-- Generated by org.testng.reporters.JUnitReportReporter -->
<testsuite hostname="WKWIN0221758" failures="0" tests="3" name="testng.pckg2.NewTestPckg2" time="0.006" errors="0" timestamp="2021-12-13T11:47:49 IST" skipped="0">
  <testcase classname="testng.pckg2.NewTestPckg2" name="testOne" time="0.005"/>
  <system-out/>
  <testcase classname="testng.pckg2.NewTestPckg2" name="testTwo" time="0.001"/>
  <system-out/>
  <testcase classname="testng.pckg2.NewTestPckg2" name="testThree" time="0.000"/>
  <system-out/>
</testsuite> <!-- testng.pckg2.NewTestPckg2 -->
