<?xml version="1.0" encoding="UTF-8"?>
<!-- Generated by org.testng.reporters.JUnitReportReporter -->
<testsuite hostname="Beast" failures="0" tests="3" name="testng.Annotations" time="0.011" errors="0" timestamp="2021-12-13T13:54:14 IST" skipped="0">
  <testcase classname="testng.Annotations" name="createEntityTest" time="0.007"/>
  <system-out/>
  <testcase classname="testng.Annotations" name="updateEntityTest" time="0.002"/>
  <system-out/>
  <testcase classname="testng.Annotations" name="deleteEntityTest" time="0.002"/>
  <system-out/>
</testsuite> <!-- testng.Annotations -->
