<?xml version="1.0" encoding="UTF-8"?>
<!-- Generated by org.testng.reporters.JUnitReportReporter -->
<testsuite hostname="Beast" failures="0" tests="1" name="Tests1.launchChrome" time="5.402" errors="0" timestamp="2021-12-13T14:47:15 IST" skipped="0">
  <testcase classname="Tests1.launchChrome" name="launchChromeBrowser" time="5.402"/>
  <system-out/>
</testsuite> <!-- Tests1.launchChrome -->
