<?xml version="1.0" encoding="UTF-8"?>
<!-- Generated by org.testng.reporters.JUnitReportReporter -->
<testsuite hostname="Beast" failures="0" tests="3" name="testng.pckg1.NewTest" time="0.016" errors="0" timestamp="2021-12-13T13:40:53 IST" skipped="0">
  <testcase classname="testng.pckg1.NewTest" name="testOne" time="0.012"/>
  <system-out/>
  <testcase classname="testng.pckg1.NewTest" name="testTwo" time="0.002"/>
  <system-out/>
  <testcase classname="testng.pckg1.NewTest" name="testThree" time="0.002"/>
  <system-out/>
</testsuite> <!-- testng.pckg1.NewTest -->
