<?xml version="1.0" encoding="UTF-8"?>
<!-- Generated by org.testng.reporters.JUnitReportReporter -->
<testsuite hostname="Beast" failures="0" tests="1" name="tests.NavigateToGoogle" time="0.164" errors="0" timestamp="2021-12-13T16:31:49 IST" skipped="0">
  <testcase classname="tests.NavigateToGoogle" name="navigateToGoogleTest" time="0.164"/>
  <system-out/>
</testsuite> <!-- tests.NavigateToGoogle -->
