<?xml version="1.0" encoding="UTF-8"?>
<!-- Generated by org.testng.reporters.JUnitReportReporter -->
<testsuite hostname="WKWIN0221758" failures="0" tests="3" name="testng.pckg1.NewTest2" time="0.004" errors="0" timestamp="2021-12-13T11:47:49 IST" skipped="0">
  <testcase classname="testng.pckg1.NewTest2" name="testTwo" time="0.001"/>
  <system-out/>
  <testcase classname="testng.pckg1.NewTest2" name="testThree" time="0.002"/>
  <system-out/>
  <testcase classname="testng.pckg1.NewTest2" name="testOne" time="0.001"/>
  <system-out/>
</testsuite> <!-- testng.pckg1.NewTest2 -->
