<?xml version="1.0" encoding="UTF-8"?>
<!-- Generated by org.testng.reporters.JUnitReportReporter -->
<testsuite hostname="WKWIN0221758" failures="0" tests="3" name="testng.Annotations3" time="0.009" errors="0" timestamp="2021-12-13T11:39:58 IST" skipped="0">
  <testcase classname="testng.Annotations3" name="testThree" time="0.003"/>
  <system-out/>
  <testcase classname="testng.Annotations3" name="testOne" time="0.002"/>
  <system-out/>
  <testcase classname="testng.Annotations3" name="testTwo" time="0.004"/>
  <system-out/>
</testsuite> <!-- testng.Annotations3 -->
